[ 2025-06-26 16:17:29,691 ] 97 werkzeug - INFO - [31m[1mWARNING: This is a development server. Do not use it in a production deployment. Use a production WSGI server instead.[0m
 * Running on all addresses (0.0.0.0)
 * Running on http://127.0.0.1:8000
 * Running on http://10.192.18.70:8000
[ 2025-06-26 16:17:29,696 ] 97 werkzeug - INFO - [33mPress CTRL+C to quit[0m
[ 2025-06-26 16:17:34,352 ] 97 werkzeug - INFO - 127.0.0.1 - - [26/Jun/2025 16:17:34] "GET /predict HTTP/1.1" 200 -
[ 2025-06-26 16:17:34,639 ] 97 werkzeug - INFO - 127.0.0.1 - - [26/Jun/2025 16:17:34] "[36mGET /static/css/style.css HTTP/1.1[0m" 304 -
[ 2025-06-26 16:17:34,944 ] 97 werkzeug - INFO - 127.0.0.1 - - [26/Jun/2025 16:17:34] "[36mGET /static/Image/diamond1.png HTTP/1.1[0m" 304 -
[ 2025-06-26 16:17:37,317 ] 875 application - ERROR - Exception on /predict [POST]
Traceback (most recent call last):
  File "C:\Users\ddurande\AppData\Roaming\Python\Python312\site-packages\flask\app.py", line 1511, in wsgi_app
    response = self.full_dispatch_request()
               ^^^^^^^^^^^^^^^^^^^^^^^^^^^^
  File "C:\Users\ddurande\AppData\Roaming\Python\Python312\site-packages\flask\app.py", line 919, in full_dispatch_request
    rv = self.handle_user_exception(e)
         ^^^^^^^^^^^^^^^^^^^^^^^^^^^^^
  File "C:\Users\ddurande\AppData\Roaming\Python\Python312\site-packages\flask\app.py", line 917, in full_dispatch_request
    rv = self.dispatch_request()
         ^^^^^^^^^^^^^^^^^^^^^^^
  File "C:\Users\ddurande\AppData\Roaming\Python\Python312\site-packages\flask\app.py", line 902, in dispatch_request
    return self.ensure_sync(self.view_functions[rule.endpoint])(**view_args)  # type: ignore[no-any-return]
           ^^^^^^^^^^^^^^^^^^^^^^^^^^^^^^^^^^^^^^^^^^^^^^^^^^^^^^^^^^^^^^^^^
  File "C:\Users\ddurande\AppData\Roaming\Python\Python312\site-packages\flask_cors\decorator.py", line 121, in wrapped_function
    resp = make_response(f(*args, **kwargs))
                         ^^^^^^^^^^^^^^^^^^
  File "C:\Dhiraj Learning\GameStone Project\application.py", line 21, in predict_datapoint
    carat = float(request.form.get('carat')),
            ^^^^^^^^^^^^^^^^^^^^^^^^^^^^^^^^
ValueError: could not convert string to float: ''
[ 2025-06-26 16:17:37,326 ] 97 werkzeug - INFO - 127.0.0.1 - - [26/Jun/2025 16:17:37] "[35m[1mPOST /predict HTTP/1.1[0m" 500 -
[ 2025-06-26 16:17:54,689 ] 875 application - ERROR - Exception on /predict [POST]
Traceback (most recent call last):
  File "C:\Users\ddurande\AppData\Roaming\Python\Python312\site-packages\flask\app.py", line 1511, in wsgi_app
    response = self.full_dispatch_request()
               ^^^^^^^^^^^^^^^^^^^^^^^^^^^^
  File "C:\Users\ddurande\AppData\Roaming\Python\Python312\site-packages\flask\app.py", line 919, in full_dispatch_request
    rv = self.handle_user_exception(e)
         ^^^^^^^^^^^^^^^^^^^^^^^^^^^^^
  File "C:\Users\ddurande\AppData\Roaming\Python\Python312\site-packages\flask\app.py", line 917, in full_dispatch_request
    rv = self.dispatch_request()
         ^^^^^^^^^^^^^^^^^^^^^^^
  File "C:\Users\ddurande\AppData\Roaming\Python\Python312\site-packages\flask\app.py", line 902, in dispatch_request
    return self.ensure_sync(self.view_functions[rule.endpoint])(**view_args)  # type: ignore[no-any-return]
           ^^^^^^^^^^^^^^^^^^^^^^^^^^^^^^^^^^^^^^^^^^^^^^^^^^^^^^^^^^^^^^^^^
  File "C:\Users\ddurande\AppData\Roaming\Python\Python312\site-packages\flask_cors\decorator.py", line 121, in wrapped_function
    resp = make_response(f(*args, **kwargs))
                         ^^^^^^^^^^^^^^^^^^
  File "C:\Dhiraj Learning\GameStone Project\application.py", line 21, in predict_datapoint
    carat = float(request.form.get('carat')),
            ^^^^^^^^^^^^^^^^^^^^^^^^^^^^^^^^
ValueError: could not convert string to float: ''
[ 2025-06-26 16:17:54,689 ] 97 werkzeug - INFO - 127.0.0.1 - - [26/Jun/2025 16:17:54] "[35m[1mPOST /predict HTTP/1.1[0m" 500 -
